
> dexter-bot@0.1.0 dev
> next dev

▲ Next.js 16.1.6 (Turbopack)
- Local:         http://localhost:3000
- Network:       http://192.168.0.2:3000

✓ Starting...
⚠ The "middleware" file convention is deprecated. Please use "proxy" instead. Learn more: https://nextjs.org/docs/messages/middleware-to-proxy
✓ Ready in 1682ms
○ Compiling /test-ui ...
⨯ ./src/app/test-ui/page.tsx:1:28
Ecmascript file had an error
[0m[31m[1m>[22m[39m[90m 1 |[39m [36mimport[39m { useState[33m,[39m useRef[33m,[39m useEffect } [36mfrom[39m [32m"react"[39m[33m;[39m
 [90m   |[39m                            [31m[1m^[22m[39m[31m[1m^[22m[39m[31m[1m^[22m[39m[31m[1m^[22m[39m[31m[1m^[22m[39m[31m[1m^[22m[39m[31m[1m^[22m[39m[31m[1m^[22m[39m[31m[1m^[22m[39m
 [90m 2 |[39m [36mimport[39m [33mLanguageSelector[39m [36mfrom[39m [32m'../components/LanguageSelector'[39m[33m;[39m
 [90m 3 |[39m [36mimport[39m { [33mFontAwesomeIcon[39m } [36mfrom[39m [32m'@fortawesome/react-fontawesome'[39m[33m;[39m
 [90m 4 |[39m [36mimport[39m {[0m

You're importing a component that needs `useEffect`. This React Hook only works in a Client Component. To fix, mark the file (or its parent) with the `"use client"` directive.

 Learn more: https://nextjs.org/docs/app/api-reference/directives/use-client





./src/app/test-ui/page.tsx:1:20
Ecmascript file had an error
[0m[31m[1m>[22m[39m[90m 1 |[39m [36mimport[39m { useState[33m,[39m useRef[33m,[39m useEffect } [36mfrom[39m [32m"react"[39m[33m;[39m
 [90m   |[39m                    [31m[1m^[22m[39m[31m[1m^[22m[39m[31m[1m^[22m[39m[31m[1m^[22m[39m[31m[1m^[22m[39m[31m[1m^[22m[39m
 [90m 2 |[39m [36mimport[39m [33mLanguageSelector[39m [36mfrom[39m [32m'../components/LanguageSelector'[39m[33m;[39m
 [90m 3 |[39m [36mimport[39m { [33mFontAwesomeIcon[39m } [36mfrom[39m [32m'@fortawesome/react-fontawesome'[39m[33m;[39m
 [90m 4 |[39m [36mimport[39m {[0m

You're importing a component that needs `useRef`. This React Hook only works in a Client Component. To fix, mark the file (or its parent) with the `"use client"` directive.

 Learn more: https://nextjs.org/docs/app/api-reference/directives/use-client





./src/app/test-ui/page.tsx:1:10
Ecmascript file had an error
[0m[31m[1m>[22m[39m[90m 1 |[39m [36mimport[39m { useState[33m,[39m useRef[33m,[39m useEffect } [36mfrom[39m [32m"react"[39m[33m;[39m
 [90m   |[39m          [31m[1m^[22m[39m[31m[1m^[22m[39m[31m[1m^[22m[39m[31m[1m^[22m[39m[31m[1m^[22m[39m[31m[1m^[22m[39m[31m[1m^[22m[39m[31m[1m^[22m[39m
 [90m 2 |[39m [36mimport[39m [33mLanguageSelector[39m [36mfrom[39m [32m'../components/LanguageSelector'[39m[33m;[39m
 [90m 3 |[39m [36mimport[39m { [33mFontAwesomeIcon[39m } [36mfrom[39m [32m'@fortawesome/react-fontawesome'[39m[33m;[39m
 [90m 4 |[39m [36mimport[39m {[0m

You're importing a component that needs `useState`. This React Hook only works in a Client Component. To fix, mark the file (or its parent) with the `"use client"` directive.

 Learn more: https://nextjs.org/docs/app/api-reference/directives/use-client




 GET /test-ui 500 in 6.1s (compile: 5.7s, proxy.ts: 127ms, render: 239ms)
✓ Compiled in 221ms
 GET /test-ui 200 in 745ms (compile: 381ms, proxy.ts: 5ms, render: 359ms)
[?25h
